{"D:\\SYNRGY Academy\\challenge-08\\server.js": {"path":"D:\\SYNRGY Academy\\challenge-08\\server.js","statementMap":{"0":{"start":{"line":1,"column":16},"end":{"line":1,"column":34}},"1":{"start":{"line":2,"column":19},"end":{"line":2,"column":41}},"2":{"start":{"line":3,"column":13},"end":{"line":3,"column":28}},"3":{"start":{"line":4,"column":15},"end":{"line":4,"column":56}},"4":{"start":{"line":5,"column":18},"end":{"line":5,"column":47}},"5":{"start":{"line":6,"column":21},"end":{"line":6,"column":45}},"6":{"start":{"line":8,"column":12},"end":{"line":8,"column":21}},"7":{"start":{"line":10,"column":0},"end":{"line":10,"column":24}},"8":{"start":{"line":11,"column":0},"end":{"line":11,"column":52}},"9":{"start":{"line":12,"column":0},"end":{"line":12,"column":16}},"10":{"start":{"line":15,"column":23},"end":{"line":15,"column":56}},"11":{"start":{"line":16,"column":20},"end":{"line":16,"column":48}},"12":{"start":{"line":19,"column":23},"end":{"line":19,"column":65}},"13":{"start":{"line":20,"column":22},"end":{"line":20,"column":60}},"14":{"start":{"line":21,"column":23},"end":{"line":21,"column":62}},"15":{"start":{"line":24,"column":19},"end":{"line":24,"column":48}},"16":{"start":{"line":27,"column":0},"end":{"line":27,"column":47}},"17":{"start":{"line":28,"column":0},"end":{"line":28,"column":41}},"18":{"start":{"line":29,"column":0},"end":{"line":29,"column":104}},"19":{"start":{"line":30,"column":0},"end":{"line":30,"column":73}},"20":{"start":{"line":33,"column":0},"end":{"line":33,"column":91}},"21":{"start":{"line":34,"column":0},"end":{"line":34,"column":102}},"22":{"start":{"line":37,"column":0},"end":{"line":37,"column":114}},"23":{"start":{"line":38,"column":0},"end":{"line":38,"column":54}},"24":{"start":{"line":39,"column":0},"end":{"line":39,"column":98}},"25":{"start":{"line":40,"column":0},"end":{"line":40,"column":87}},"26":{"start":{"line":41,"column":0},"end":{"line":41,"column":92}},"27":{"start":{"line":42,"column":0},"end":{"line":42,"column":121}},"28":{"start":{"line":45,"column":0},"end":{"line":45,"column":68}},"29":{"start":{"line":47,"column":0},"end":{"line":49,"column":3}},"30":{"start":{"line":48,"column":2},"end":{"line":48,"column":88}},"31":{"start":{"line":51,"column":0},"end":{"line":51,"column":21}}},"fnMap":{"0":{"name":"(anonymous_0)","decl":{"start":{"line":47,"column":37},"end":{"line":47,"column":38}},"loc":{"start":{"line":47,"column":43},"end":{"line":49,"column":1}},"line":47}},"branchMap":{"0":{"loc":{"start":{"line":47,"column":11},"end":{"line":47,"column":35}},"type":"binary-expr","locations":[{"start":{"line":47,"column":11},"end":{"line":47,"column":27}},{"start":{"line":47,"column":31},"end":{"line":47,"column":35}}],"line":47},"1":{"loc":{"start":{"line":48,"column":60},"end":{"line":48,"column":84}},"type":"binary-expr","locations":[{"start":{"line":48,"column":60},"end":{"line":48,"column":76}},{"start":{"line":48,"column":80},"end":{"line":48,"column":84}}],"line":48}},"s":{"0":1,"1":1,"2":1,"3":1,"4":1,"5":1,"6":1,"7":1,"8":1,"9":1,"10":1,"11":1,"12":1,"13":1,"14":1,"15":1,"16":1,"17":1,"18":1,"19":1,"20":1,"21":1,"22":1,"23":1,"24":1,"25":1,"26":1,"27":1,"28":1,"29":1,"30":0,"31":1},"f":{"0":0},"b":{"0":[1,0],"1":[0,0]},"_coverageSchema":"1a1c01bbd47fc00a2c39e90264f33305004495a9","hash":"dc111cd081773d5bc60fb844780b6702aa9cd1fe"}
,"D:\\SYNRGY Academy\\challenge-08\\config\\cloudinary.js": {"path":"D:\\SYNRGY Academy\\challenge-08\\config\\cloudinary.js","statementMap":{"0":{"start":{"line":1,"column":19},"end":{"line":1,"column":43}},"1":{"start":{"line":2,"column":0},"end":{"line":2,"column":27}},"2":{"start":{"line":4,"column":0},"end":{"line":9,"column":3}},"3":{"start":{"line":11,"column":0},"end":{"line":11,"column":28}}},"fnMap":{},"branchMap":{},"s":{"0":1,"1":1,"2":1,"3":1},"f":{},"b":{},"_coverageSchema":"1a1c01bbd47fc00a2c39e90264f33305004495a9","hash":"10e15d15850fd9fb2871115ff1c12aa76e967f95"}
,"D:\\SYNRGY Academy\\challenge-08\\config\\config.js": {"path":"D:\\SYNRGY Academy\\challenge-08\\config\\config.js","statementMap":{"0":{"start":{"line":1,"column":0},"end":{"line":1,"column":27}},"1":{"start":{"line":3,"column":0},"end":{"line":25,"column":2}}},"fnMap":{},"branchMap":{},"s":{"0":3,"1":3},"f":{},"b":{},"_coverageSchema":"1a1c01bbd47fc00a2c39e90264f33305004495a9","hash":"0665b3cc6d3d529d3efb94fd9def487dc3ae4519"}
,"D:\\SYNRGY Academy\\challenge-08\\controllers\\authController.js": {"path":"D:\\SYNRGY Academy\\challenge-08\\controllers\\authController.js","statementMap":{"0":{"start":{"line":1,"column":20},"end":{"line":1,"column":54}},"1":{"start":{"line":3,"column":17},"end":{"line":17,"column":1}},"2":{"start":{"line":4,"column":36},"end":{"line":4,"column":44}},"3":{"start":{"line":6,"column":49},"end":{"line":10,"column":4}},"4":{"start":{"line":12,"column":2},"end":{"line":16,"column":5}},"5":{"start":{"line":19,"column":22},"end":{"line":33,"column":1}},"6":{"start":{"line":20,"column":36},"end":{"line":20,"column":44}},"7":{"start":{"line":22,"column":49},"end":{"line":26,"column":4}},"8":{"start":{"line":28,"column":2},"end":{"line":32,"column":5}},"9":{"start":{"line":35,"column":20},"end":{"line":43,"column":1}},"10":{"start":{"line":36,"column":22},"end":{"line":36,"column":30}},"11":{"start":{"line":38,"column":2},"end":{"line":42,"column":5}},"12":{"start":{"line":45,"column":14},"end":{"line":58,"column":1}},"13":{"start":{"line":46,"column":30},"end":{"line":46,"column":38}},"14":{"start":{"line":48,"column":49},"end":{"line":51,"column":4}},"15":{"start":{"line":53,"column":2},"end":{"line":57,"column":5}},"16":{"start":{"line":60,"column":0},"end":{"line":60,"column":65}}},"fnMap":{"0":{"name":"(anonymous_0)","decl":{"start":{"line":3,"column":17},"end":{"line":3,"column":18}},"loc":{"start":{"line":3,"column":37},"end":{"line":17,"column":1}},"line":3},"1":{"name":"(anonymous_1)","decl":{"start":{"line":19,"column":22},"end":{"line":19,"column":23}},"loc":{"start":{"line":19,"column":42},"end":{"line":33,"column":1}},"line":19},"2":{"name":"(anonymous_2)","decl":{"start":{"line":35,"column":20},"end":{"line":35,"column":21}},"loc":{"start":{"line":35,"column":40},"end":{"line":43,"column":1}},"line":35},"3":{"name":"(anonymous_3)","decl":{"start":{"line":45,"column":14},"end":{"line":45,"column":15}},"loc":{"start":{"line":45,"column":34},"end":{"line":58,"column":1}},"line":45}},"branchMap":{},"s":{"0":1,"1":1,"2":1,"3":1,"4":1,"5":1,"6":0,"7":0,"8":0,"9":1,"10":0,"11":0,"12":1,"13":1,"14":1,"15":1,"16":1},"f":{"0":1,"1":0,"2":0,"3":1},"b":{},"_coverageSchema":"1a1c01bbd47fc00a2c39e90264f33305004495a9","hash":"91b39f68345b8b04241cc738c6cd52d2260ca201"}
,"D:\\SYNRGY Academy\\challenge-08\\controllers\\carController.js": {"path":"D:\\SYNRGY Academy\\challenge-08\\controllers\\carController.js","statementMap":{"0":{"start":{"line":1,"column":19},"end":{"line":1,"column":52}},"1":{"start":{"line":2,"column":19},"end":{"line":2,"column":50}},"2":{"start":{"line":4,"column":15},"end":{"line":38,"column":1}},"3":{"start":{"line":5,"column":23},"end":{"line":5,"column":31}},"4":{"start":{"line":6,"column":84},"end":{"line":6,"column":92}},"5":{"start":{"line":7,"column":20},"end":{"line":7,"column":33}},"6":{"start":{"line":8,"column":18},"end":{"line":8,"column":29}},"7":{"start":{"line":10,"column":21},"end":{"line":10,"column":59}},"8":{"start":{"line":11,"column":15},"end":{"line":11,"column":67}},"9":{"start":{"line":12,"column":2},"end":{"line":37,"column":5}},"10":{"start":{"line":13,"column":4},"end":{"line":17,"column":5}},"11":{"start":{"line":14,"column":6},"end":{"line":14,"column":82}},"12":{"start":{"line":16,"column":6},"end":{"line":16,"column":13}},"13":{"start":{"line":18,"column":51},"end":{"line":30,"column":6}},"14":{"start":{"line":32,"column":4},"end":{"line":36,"column":7}},"15":{"start":{"line":40,"column":24},"end":{"line":48,"column":1}},"16":{"start":{"line":41,"column":20},"end":{"line":41,"column":24}},"17":{"start":{"line":42,"column":49},"end":{"line":42,"column":96}},"18":{"start":{"line":43,"column":2},"end":{"line":47,"column":5}},"19":{"start":{"line":50,"column":19},"end":{"line":60,"column":1}},"20":{"start":{"line":51,"column":17},"end":{"line":51,"column":27}},"21":{"start":{"line":52,"column":20},"end":{"line":52,"column":33}},"22":{"start":{"line":53,"column":49},"end":{"line":53,"column":95}},"23":{"start":{"line":55,"column":2},"end":{"line":59,"column":5}},"24":{"start":{"line":62,"column":15},"end":{"line":69,"column":1}},"25":{"start":{"line":63,"column":49},"end":{"line":63,"column":74}},"26":{"start":{"line":64,"column":2},"end":{"line":68,"column":5}},"27":{"start":{"line":71,"column":16},"end":{"line":80,"column":1}},"28":{"start":{"line":72,"column":17},"end":{"line":72,"column":27}},"29":{"start":{"line":73,"column":20},"end":{"line":73,"column":24}},"30":{"start":{"line":74,"column":49},"end":{"line":74,"column":92}},"31":{"start":{"line":75,"column":2},"end":{"line":79,"column":5}},"32":{"start":{"line":82,"column":19},"end":{"line":116,"column":1}},"33":{"start":{"line":83,"column":17},"end":{"line":83,"column":27}},"34":{"start":{"line":84,"column":23},"end":{"line":84,"column":31}},"35":{"start":{"line":85,"column":93},"end":{"line":85,"column":101}},"36":{"start":{"line":86,"column":20},"end":{"line":86,"column":33}},"37":{"start":{"line":87,"column":21},"end":{"line":87,"column":59}},"38":{"start":{"line":88,"column":15},"end":{"line":88,"column":67}},"39":{"start":{"line":90,"column":2},"end":{"line":115,"column":5}},"40":{"start":{"line":91,"column":4},"end":{"line":95,"column":5}},"41":{"start":{"line":92,"column":6},"end":{"line":92,"column":82}},"42":{"start":{"line":94,"column":6},"end":{"line":94,"column":13}},"43":{"start":{"line":96,"column":51},"end":{"line":108,"column":6}},"44":{"start":{"line":110,"column":4},"end":{"line":114,"column":7}},"45":{"start":{"line":118,"column":0},"end":{"line":118,"column":86}}},"fnMap":{"0":{"name":"(anonymous_0)","decl":{"start":{"line":4,"column":15},"end":{"line":4,"column":16}},"loc":{"start":{"line":4,"column":29},"end":{"line":38,"column":1}},"line":4},"1":{"name":"(anonymous_1)","decl":{"start":{"line":12,"column":35},"end":{"line":12,"column":36}},"loc":{"start":{"line":12,"column":58},"end":{"line":37,"column":3}},"line":12},"2":{"name":"(anonymous_2)","decl":{"start":{"line":40,"column":24},"end":{"line":40,"column":25}},"loc":{"start":{"line":40,"column":44},"end":{"line":48,"column":1}},"line":40},"3":{"name":"(anonymous_3)","decl":{"start":{"line":50,"column":19},"end":{"line":50,"column":20}},"loc":{"start":{"line":50,"column":39},"end":{"line":60,"column":1}},"line":50},"4":{"name":"(anonymous_4)","decl":{"start":{"line":62,"column":15},"end":{"line":62,"column":16}},"loc":{"start":{"line":62,"column":35},"end":{"line":69,"column":1}},"line":62},"5":{"name":"(anonymous_5)","decl":{"start":{"line":71,"column":16},"end":{"line":71,"column":17}},"loc":{"start":{"line":71,"column":36},"end":{"line":80,"column":1}},"line":71},"6":{"name":"(anonymous_6)","decl":{"start":{"line":82,"column":19},"end":{"line":82,"column":20}},"loc":{"start":{"line":82,"column":33},"end":{"line":116,"column":1}},"line":82},"7":{"name":"(anonymous_7)","decl":{"start":{"line":90,"column":35},"end":{"line":90,"column":36}},"loc":{"start":{"line":90,"column":58},"end":{"line":115,"column":3}},"line":90}},"branchMap":{"0":{"loc":{"start":{"line":13,"column":4},"end":{"line":17,"column":5}},"type":"if","locations":[{"start":{"line":13,"column":4},"end":{"line":17,"column":5}},{"start":{},"end":{}}],"line":13},"1":{"loc":{"start":{"line":91,"column":4},"end":{"line":95,"column":5}},"type":"if","locations":[{"start":{"line":91,"column":4},"end":{"line":95,"column":5}},{"start":{},"end":{}}],"line":91}},"s":{"0":1,"1":1,"2":1,"3":0,"4":0,"5":0,"6":0,"7":0,"8":0,"9":0,"10":0,"11":0,"12":0,"13":0,"14":0,"15":1,"16":0,"17":0,"18":0,"19":1,"20":0,"21":0,"22":0,"23":0,"24":1,"25":0,"26":0,"27":1,"28":0,"29":0,"30":0,"31":0,"32":1,"33":0,"34":0,"35":0,"36":0,"37":0,"38":0,"39":0,"40":0,"41":0,"42":0,"43":0,"44":0,"45":1},"f":{"0":0,"1":0,"2":0,"3":0,"4":0,"5":0,"6":0,"7":0},"b":{"0":[0,0],"1":[0,0]},"_coverageSchema":"1a1c01bbd47fc00a2c39e90264f33305004495a9","hash":"ad5ac1e2a64a0d61fdeb5f6942b88a4fc1544d57"}
,"D:\\SYNRGY Academy\\challenge-08\\controllers\\userController.js": {"path":"D:\\SYNRGY Academy\\challenge-08\\controllers\\userController.js","statementMap":{"0":{"start":{"line":1,"column":20},"end":{"line":1,"column":54}},"1":{"start":{"line":3,"column":15},"end":{"line":10,"column":1}},"2":{"start":{"line":4,"column":49},"end":{"line":4,"column":75}},"3":{"start":{"line":5,"column":2},"end":{"line":9,"column":5}},"4":{"start":{"line":12,"column":19},"end":{"line":20,"column":1}},"5":{"start":{"line":13,"column":17},"end":{"line":13,"column":27}},"6":{"start":{"line":14,"column":49},"end":{"line":14,"column":85}},"7":{"start":{"line":15,"column":2},"end":{"line":19,"column":5}},"8":{"start":{"line":22,"column":0},"end":{"line":22,"column":40}}},"fnMap":{"0":{"name":"(anonymous_0)","decl":{"start":{"line":3,"column":15},"end":{"line":3,"column":16}},"loc":{"start":{"line":3,"column":35},"end":{"line":10,"column":1}},"line":3},"1":{"name":"(anonymous_1)","decl":{"start":{"line":12,"column":19},"end":{"line":12,"column":20}},"loc":{"start":{"line":12,"column":39},"end":{"line":20,"column":1}},"line":12}},"branchMap":{},"s":{"0":1,"1":1,"2":0,"3":0,"4":1,"5":0,"6":0,"7":0,"8":1},"f":{"0":0,"1":0},"b":{},"_coverageSchema":"1a1c01bbd47fc00a2c39e90264f33305004495a9","hash":"68f8372c5692e071a5fa18105934b4d1571050b1"}
,"D:\\SYNRGY Academy\\challenge-08\\helpers\\fileUploadCloudinary.js": {"path":"D:\\SYNRGY Academy\\challenge-08\\helpers\\fileUploadCloudinary.js","statementMap":{"0":{"start":{"line":1,"column":15},"end":{"line":1,"column":32}},"1":{"start":{"line":3,"column":16},"end":{"line":3,"column":38}},"2":{"start":{"line":5,"column":0},"end":{"line":5,"column":37}}},"fnMap":{},"branchMap":{},"s":{"0":1,"1":1,"2":1},"f":{},"b":{},"_coverageSchema":"1a1c01bbd47fc00a2c39e90264f33305004495a9","hash":"3f35d8be4c0f627f119be30ec65074ba17d47664"}
,"D:\\SYNRGY Academy\\challenge-08\\lib\\const.js": {"path":"D:\\SYNRGY Academy\\challenge-08\\lib\\const.js","statementMap":{"0":{"start":{"line":1,"column":0},"end":{"line":4,"column":2}},"1":{"start":{"line":6,"column":0},"end":{"line":10,"column":2}}},"fnMap":{},"branchMap":{},"s":{"0":1,"1":1},"f":{},"b":{},"_coverageSchema":"1a1c01bbd47fc00a2c39e90264f33305004495a9","hash":"6c1a2efa5b75251ee9be63708f2576e679432abb"}
,"D:\\SYNRGY Academy\\challenge-08\\middlewares\\auth.js": {"path":"D:\\SYNRGY Academy\\challenge-08\\middlewares\\auth.js","statementMap":{"0":{"start":{"line":1,"column":12},"end":{"line":1,"column":35}},"1":{"start":{"line":2,"column":23},"end":{"line":2,"column":46}},"2":{"start":{"line":3,"column":23},"end":{"line":3,"column":64}},"3":{"start":{"line":5,"column":21},"end":{"line":35,"column":1}},"4":{"start":{"line":6,"column":21},"end":{"line":6,"column":45}},"5":{"start":{"line":8,"column":14},"end":{"line":8,"column":16}},"6":{"start":{"line":10,"column":2},"end":{"line":16,"column":7}},"7":{"start":{"line":10,"column":53},"end":{"line":10,"column":86}},"8":{"start":{"line":12,"column":4},"end":{"line":16,"column":7}},"9":{"start":{"line":18,"column":2},"end":{"line":34,"column":3}},"10":{"start":{"line":19,"column":22},"end":{"line":19,"column":51}},"11":{"start":{"line":21,"column":20},"end":{"line":21,"column":62}},"12":{"start":{"line":23,"column":4},"end":{"line":23,"column":23}},"13":{"start":{"line":25,"column":4},"end":{"line":25,"column":11}},"14":{"start":{"line":27,"column":4},"end":{"line":27,"column":11}},"15":{"start":{"line":29,"column":4},"end":{"line":33,"column":7}},"16":{"start":{"line":37,"column":19},"end":{"line":46,"column":1}},"17":{"start":{"line":38,"column":15},"end":{"line":38,"column":23}},"18":{"start":{"line":40,"column":2},"end":{"line":40,"column":81}},"19":{"start":{"line":40,"column":67},"end":{"line":40,"column":81}},"20":{"start":{"line":41,"column":2},"end":{"line":45,"column":5}},"21":{"start":{"line":48,"column":21},"end":{"line":56,"column":1}},"22":{"start":{"line":49,"column":15},"end":{"line":49,"column":23}},"23":{"start":{"line":50,"column":2},"end":{"line":50,"column":52}},"24":{"start":{"line":50,"column":38},"end":{"line":50,"column":52}},"25":{"start":{"line":51,"column":2},"end":{"line":55,"column":5}},"26":{"start":{"line":58,"column":0},"end":{"line":58,"column":60}}},"fnMap":{"0":{"name":"(anonymous_0)","decl":{"start":{"line":5,"column":21},"end":{"line":5,"column":22}},"loc":{"start":{"line":5,"column":47},"end":{"line":35,"column":1}},"line":5},"1":{"name":"(anonymous_1)","decl":{"start":{"line":37,"column":19},"end":{"line":37,"column":20}},"loc":{"start":{"line":37,"column":39},"end":{"line":46,"column":1}},"line":37},"2":{"name":"(anonymous_2)","decl":{"start":{"line":48,"column":21},"end":{"line":48,"column":22}},"loc":{"start":{"line":48,"column":41},"end":{"line":56,"column":1}},"line":48}},"branchMap":{"0":{"loc":{"start":{"line":10,"column":2},"end":{"line":16,"column":7}},"type":"if","locations":[{"start":{"line":10,"column":2},"end":{"line":16,"column":7}},{"start":{"line":12,"column":4},"end":{"line":16,"column":7}}],"line":10},"1":{"loc":{"start":{"line":10,"column":6},"end":{"line":10,"column":51}},"type":"binary-expr","locations":[{"start":{"line":10,"column":6},"end":{"line":10,"column":16}},{"start":{"line":10,"column":20},"end":{"line":10,"column":51}}],"line":10},"2":{"loc":{"start":{"line":40,"column":2},"end":{"line":40,"column":81}},"type":"if","locations":[{"start":{"line":40,"column":2},"end":{"line":40,"column":81}},{"start":{},"end":{}}],"line":40},"3":{"loc":{"start":{"line":40,"column":6},"end":{"line":40,"column":65}},"type":"binary-expr","locations":[{"start":{"line":40,"column":6},"end":{"line":40,"column":36}},{"start":{"line":40,"column":40},"end":{"line":40,"column":65}}],"line":40},"4":{"loc":{"start":{"line":50,"column":2},"end":{"line":50,"column":52}},"type":"if","locations":[{"start":{"line":50,"column":2},"end":{"line":50,"column":52}},{"start":{},"end":{}}],"line":50}},"s":{"0":1,"1":1,"2":1,"3":1,"4":0,"5":0,"6":0,"7":0,"8":0,"9":0,"10":0,"11":0,"12":0,"13":0,"14":0,"15":0,"16":1,"17":0,"18":0,"19":0,"20":0,"21":1,"22":0,"23":0,"24":0,"25":0,"26":1},"f":{"0":0,"1":0,"2":0},"b":{"0":[0,0],"1":[0,0],"2":[0,0],"3":[0,0],"4":[0,0]},"_coverageSchema":"1a1c01bbd47fc00a2c39e90264f33305004495a9","hash":"aa6d97d5204a1d4762e3b450cd214a3c46b64310"}
,"D:\\SYNRGY Academy\\challenge-08\\models\\car.js": {"path":"D:\\SYNRGY Academy\\challenge-08\\models\\car.js","statementMap":{"0":{"start":{"line":4,"column":4},"end":{"line":4,"column":24}},"1":{"start":{"line":5,"column":0},"end":{"line":36,"column":2}},"2":{"start":{"line":16,"column":2},"end":{"line":34,"column":5}},"3":{"start":{"line":35,"column":2},"end":{"line":35,"column":13}}},"fnMap":{"0":{"name":"(anonymous_0)","decl":{"start":{"line":5,"column":17},"end":{"line":5,"column":18}},"loc":{"start":{"line":5,"column":43},"end":{"line":36,"column":1}},"line":5},"1":{"name":"(anonymous_1)","decl":{"start":{"line":12,"column":4},"end":{"line":12,"column":5}},"loc":{"start":{"line":12,"column":29},"end":{"line":14,"column":5}},"line":12}},"branchMap":{},"s":{"0":3,"1":3,"2":3,"3":3},"f":{"0":3,"1":3},"b":{},"_coverageSchema":"1a1c01bbd47fc00a2c39e90264f33305004495a9","hash":"fb713fcedd43ceabf5b45ab31b28bb22d4a5f72d"}
,"D:\\SYNRGY Academy\\challenge-08\\models\\index.js": {"path":"D:\\SYNRGY Academy\\challenge-08\\models\\index.js","statementMap":{"0":{"start":{"line":3,"column":11},"end":{"line":3,"column":24}},"1":{"start":{"line":4,"column":13},"end":{"line":4,"column":28}},"2":{"start":{"line":5,"column":18},"end":{"line":5,"column":38}},"3":{"start":{"line":6,"column":16},"end":{"line":6,"column":34}},"4":{"start":{"line":7,"column":17},"end":{"line":7,"column":42}},"5":{"start":{"line":8,"column":12},"end":{"line":8,"column":49}},"6":{"start":{"line":9,"column":15},"end":{"line":9,"column":60}},"7":{"start":{"line":10,"column":11},"end":{"line":10,"column":13}},"8":{"start":{"line":13,"column":0},"end":{"line":17,"column":1}},"9":{"start":{"line":14,"column":2},"end":{"line":14,"column":74}},"10":{"start":{"line":16,"column":2},"end":{"line":16,"column":87}},"11":{"start":{"line":19,"column":0},"end":{"line":26,"column":5}},"12":{"start":{"line":21,"column":4},"end":{"line":21,"column":84}},"13":{"start":{"line":24,"column":18},"end":{"line":24,"column":85}},"14":{"start":{"line":25,"column":4},"end":{"line":25,"column":27}},"15":{"start":{"line":28,"column":0},"end":{"line":32,"column":3}},"16":{"start":{"line":29,"column":2},"end":{"line":31,"column":3}},"17":{"start":{"line":30,"column":4},"end":{"line":30,"column":32}},"18":{"start":{"line":34,"column":0},"end":{"line":34,"column":25}},"19":{"start":{"line":35,"column":0},"end":{"line":35,"column":25}},"20":{"start":{"line":37,"column":0},"end":{"line":37,"column":20}}},"fnMap":{"0":{"name":"(anonymous_0)","decl":{"start":{"line":20,"column":10},"end":{"line":20,"column":11}},"loc":{"start":{"line":20,"column":20},"end":{"line":22,"column":3}},"line":20},"1":{"name":"(anonymous_1)","decl":{"start":{"line":23,"column":11},"end":{"line":23,"column":12}},"loc":{"start":{"line":23,"column":21},"end":{"line":26,"column":3}},"line":23},"2":{"name":"(anonymous_2)","decl":{"start":{"line":28,"column":24},"end":{"line":28,"column":25}},"loc":{"start":{"line":28,"column":39},"end":{"line":32,"column":1}},"line":28}},"branchMap":{"0":{"loc":{"start":{"line":8,"column":12},"end":{"line":8,"column":49}},"type":"binary-expr","locations":[{"start":{"line":8,"column":12},"end":{"line":8,"column":32}},{"start":{"line":8,"column":36},"end":{"line":8,"column":49}}],"line":8},"1":{"loc":{"start":{"line":13,"column":0},"end":{"line":17,"column":1}},"type":"if","locations":[{"start":{"line":13,"column":0},"end":{"line":17,"column":1}},{"start":{"line":15,"column":7},"end":{"line":17,"column":1}}],"line":13},"2":{"loc":{"start":{"line":21,"column":11},"end":{"line":21,"column":83}},"type":"binary-expr","locations":[{"start":{"line":21,"column":11},"end":{"line":21,"column":34}},{"start":{"line":21,"column":38},"end":{"line":21,"column":55}},{"start":{"line":21,"column":59},"end":{"line":21,"column":83}}],"line":21},"3":{"loc":{"start":{"line":29,"column":2},"end":{"line":31,"column":3}},"type":"if","locations":[{"start":{"line":29,"column":2},"end":{"line":31,"column":3}},{"start":{},"end":{}}],"line":29}},"s":{"0":3,"1":3,"2":3,"3":3,"4":3,"5":3,"6":3,"7":3,"8":3,"9":0,"10":3,"11":3,"12":9,"13":6,"14":6,"15":3,"16":6,"17":6,"18":3,"19":3,"20":3},"f":{"0":9,"1":6,"2":6},"b":{"0":[3,0],"1":[0,3],"2":[9,9,6],"3":[6,0]},"_coverageSchema":"1a1c01bbd47fc00a2c39e90264f33305004495a9","hash":"59c3f475ca51404ca23965cfd1b7bb9d708455ad"}
,"D:\\SYNRGY Academy\\challenge-08\\models\\user.js": {"path":"D:\\SYNRGY Academy\\challenge-08\\models\\user.js","statementMap":{"0":{"start":{"line":4,"column":4},"end":{"line":4,"column":24}},"1":{"start":{"line":5,"column":0},"end":{"line":26,"column":2}},"2":{"start":{"line":16,"column":2},"end":{"line":24,"column":5}},"3":{"start":{"line":25,"column":2},"end":{"line":25,"column":14}}},"fnMap":{"0":{"name":"(anonymous_0)","decl":{"start":{"line":5,"column":17},"end":{"line":5,"column":18}},"loc":{"start":{"line":5,"column":43},"end":{"line":26,"column":1}},"line":5},"1":{"name":"(anonymous_1)","decl":{"start":{"line":12,"column":4},"end":{"line":12,"column":5}},"loc":{"start":{"line":12,"column":29},"end":{"line":14,"column":5}},"line":12}},"branchMap":{},"s":{"0":3,"1":3,"2":3,"3":3},"f":{"0":3,"1":3},"b":{},"_coverageSchema":"1a1c01bbd47fc00a2c39e90264f33305004495a9","hash":"cf383972dc350cb4c7833f9516ed380fdb761421"}
,"D:\\SYNRGY Academy\\challenge-08\\repositories\\carRepository.js": {"path":"D:\\SYNRGY Academy\\challenge-08\\repositories\\carRepository.js","statementMap":{"0":{"start":{"line":1,"column":16},"end":{"line":1,"column":36}},"1":{"start":{"line":5,"column":23},"end":{"line":17,"column":6}},"2":{"start":{"line":19,"column":4},"end":{"line":19,"column":22}},"3":{"start":{"line":23,"column":22},"end":{"line":23,"column":65}},"4":{"start":{"line":24,"column":4},"end":{"line":24,"column":21}},"5":{"start":{"line":28,"column":19},"end":{"line":28,"column":38}},"6":{"start":{"line":29,"column":4},"end":{"line":29,"column":18}},"7":{"start":{"line":33,"column":19},"end":{"line":38,"column":6}},"8":{"start":{"line":39,"column":4},"end":{"line":39,"column":18}},"9":{"start":{"line":43,"column":22},"end":{"line":49,"column":5}},"10":{"start":{"line":50,"column":4},"end":{"line":50,"column":21}},"11":{"start":{"line":54,"column":23},"end":{"line":68,"column":5}},"12":{"start":{"line":69,"column":4},"end":{"line":69,"column":22}},"13":{"start":{"line":73,"column":0},"end":{"line":73,"column":31}}},"fnMap":{"0":{"name":"(anonymous_0)","decl":{"start":{"line":4,"column":2},"end":{"line":4,"column":3}},"loc":{"start":{"line":4,"column":126},"end":{"line":20,"column":3}},"line":4},"1":{"name":"(anonymous_1)","decl":{"start":{"line":22,"column":2},"end":{"line":22,"column":3}},"loc":{"start":{"line":22,"column":46},"end":{"line":25,"column":3}},"line":22},"2":{"name":"(anonymous_2)","decl":{"start":{"line":27,"column":2},"end":{"line":27,"column":3}},"loc":{"start":{"line":27,"column":24},"end":{"line":30,"column":3}},"line":27},"3":{"name":"(anonymous_3)","decl":{"start":{"line":32,"column":2},"end":{"line":32,"column":3}},"loc":{"start":{"line":32,"column":42},"end":{"line":40,"column":3}},"line":32},"4":{"name":"(anonymous_4)","decl":{"start":{"line":42,"column":2},"end":{"line":42,"column":3}},"loc":{"start":{"line":42,"column":45},"end":{"line":51,"column":3}},"line":42},"5":{"name":"(anonymous_5)","decl":{"start":{"line":53,"column":2},"end":{"line":53,"column":3}},"loc":{"start":{"line":53,"column":125},"end":{"line":70,"column":3}},"line":53}},"branchMap":{},"s":{"0":2,"1":2,"2":2,"3":0,"4":0,"5":0,"6":0,"7":1,"8":1,"9":1,"10":1,"11":0,"12":0,"13":2},"f":{"0":2,"1":0,"2":0,"3":1,"4":1,"5":0},"b":{},"_coverageSchema":"1a1c01bbd47fc00a2c39e90264f33305004495a9","hash":"66c7399252c5229c5b6455244cba7a7839f50ac4"}
,"D:\\SYNRGY Academy\\challenge-08\\repositories\\userRepository.js": {"path":"D:\\SYNRGY Academy\\challenge-08\\repositories\\userRepository.js","statementMap":{"0":{"start":{"line":1,"column":17},"end":{"line":1,"column":37}},"1":{"start":{"line":5,"column":20},"end":{"line":5,"column":57}},"2":{"start":{"line":6,"column":4},"end":{"line":6,"column":19}},"3":{"start":{"line":10,"column":20},"end":{"line":10,"column":60}},"4":{"start":{"line":11,"column":4},"end":{"line":11,"column":19}},"5":{"start":{"line":15,"column":24},"end":{"line":20,"column":6}},"6":{"start":{"line":21,"column":4},"end":{"line":21,"column":23}},"7":{"start":{"line":25,"column":20},"end":{"line":25,"column":40}},"8":{"start":{"line":26,"column":4},"end":{"line":26,"column":19}},"9":{"start":{"line":30,"column":23},"end":{"line":30,"column":60}},"10":{"start":{"line":31,"column":4},"end":{"line":31,"column":22}},"11":{"start":{"line":35,"column":0},"end":{"line":35,"column":32}}},"fnMap":{"0":{"name":"(anonymous_0)","decl":{"start":{"line":4,"column":2},"end":{"line":4,"column":3}},"loc":{"start":{"line":4,"column":31},"end":{"line":7,"column":3}},"line":4},"1":{"name":"(anonymous_1)","decl":{"start":{"line":9,"column":2},"end":{"line":9,"column":3}},"loc":{"start":{"line":9,"column":37},"end":{"line":12,"column":3}},"line":9},"2":{"name":"(anonymous_2)","decl":{"start":{"line":14,"column":2},"end":{"line":14,"column":3}},"loc":{"start":{"line":14,"column":55},"end":{"line":22,"column":3}},"line":14},"3":{"name":"(anonymous_3)","decl":{"start":{"line":24,"column":2},"end":{"line":24,"column":3}},"loc":{"start":{"line":24,"column":24},"end":{"line":27,"column":3}},"line":24},"4":{"name":"(anonymous_4)","decl":{"start":{"line":29,"column":2},"end":{"line":29,"column":3}},"loc":{"start":{"line":29,"column":34},"end":{"line":32,"column":3}},"line":29}},"branchMap":{},"s":{"0":2,"1":1,"2":1,"3":2,"4":2,"5":4,"6":4,"7":0,"8":0,"9":4,"10":4,"11":2},"f":{"0":1,"1":2,"2":4,"3":0,"4":4},"b":{},"_coverageSchema":"1a1c01bbd47fc00a2c39e90264f33305004495a9","hash":"105d7ef0ae2b3becc244aed5bb14b7481b80200e"}
,"D:\\SYNRGY Academy\\challenge-08\\services\\authService.js": {"path":"D:\\SYNRGY Academy\\challenge-08\\services\\authService.js","statementMap":{"0":{"start":{"line":1,"column":24},"end":{"line":1,"column":65}},"1":{"start":{"line":2,"column":15},"end":{"line":2,"column":32}},"2":{"start":{"line":3,"column":12},"end":{"line":3,"column":35}},"3":{"start":{"line":4,"column":23},"end":{"line":4,"column":46}},"4":{"start":{"line":5,"column":19},"end":{"line":5,"column":21}},"5":{"start":{"line":9,"column":4},"end":{"line":76,"column":5}},"6":{"start":{"line":10,"column":6},"end":{"line":17,"column":7}},"7":{"start":{"line":11,"column":8},"end":{"line":16,"column":10}},"8":{"start":{"line":19,"column":6},"end":{"line":26,"column":7}},"9":{"start":{"line":20,"column":8},"end":{"line":25,"column":10}},"10":{"start":{"line":28,"column":6},"end":{"line":42,"column":7}},"11":{"start":{"line":29,"column":8},"end":{"line":34,"column":10}},"12":{"start":{"line":35,"column":13},"end":{"line":42,"column":7}},"13":{"start":{"line":36,"column":8},"end":{"line":41,"column":10}},"14":{"start":{"line":44,"column":29},"end":{"line":44,"column":72}},"15":{"start":{"line":46,"column":6},"end":{"line":68,"column":7}},"16":{"start":{"line":47,"column":8},"end":{"line":52,"column":10}},"17":{"start":{"line":54,"column":31},"end":{"line":54,"column":70}},"18":{"start":{"line":55,"column":28},"end":{"line":60,"column":10}},"19":{"start":{"line":62,"column":8},"end":{"line":67,"column":10}},"20":{"start":{"line":70,"column":6},"end":{"line":75,"column":8}},"21":{"start":{"line":80,"column":4},"end":{"line":163,"column":5}},"22":{"start":{"line":81,"column":6},"end":{"line":88,"column":7}},"23":{"start":{"line":82,"column":8},"end":{"line":87,"column":10}},"24":{"start":{"line":90,"column":6},"end":{"line":104,"column":7}},"25":{"start":{"line":91,"column":8},"end":{"line":96,"column":10}},"26":{"start":{"line":97,"column":13},"end":{"line":104,"column":7}},"27":{"start":{"line":98,"column":8},"end":{"line":103,"column":10}},"28":{"start":{"line":106,"column":22},"end":{"line":106,"column":65}},"29":{"start":{"line":108,"column":6},"end":{"line":115,"column":7}},"30":{"start":{"line":109,"column":8},"end":{"line":114,"column":10}},"31":{"start":{"line":117,"column":6},"end":{"line":155,"column":7}},"32":{"start":{"line":118,"column":8},"end":{"line":123,"column":10}},"33":{"start":{"line":125,"column":32},"end":{"line":125,"column":80}},"34":{"start":{"line":127,"column":8},"end":{"line":154,"column":9}},"35":{"start":{"line":128,"column":24},"end":{"line":137,"column":11}},"36":{"start":{"line":139,"column":10},"end":{"line":146,"column":12}},"37":{"start":{"line":148,"column":10},"end":{"line":153,"column":12}},"38":{"start":{"line":157,"column":6},"end":{"line":162,"column":8}},"39":{"start":{"line":167,"column":4},"end":{"line":234,"column":5}},"40":{"start":{"line":168,"column":6},"end":{"line":175,"column":7}},"41":{"start":{"line":169,"column":8},"end":{"line":174,"column":10}},"42":{"start":{"line":177,"column":6},"end":{"line":184,"column":7}},"43":{"start":{"line":178,"column":8},"end":{"line":183,"column":10}},"44":{"start":{"line":186,"column":6},"end":{"line":200,"column":7}},"45":{"start":{"line":187,"column":8},"end":{"line":192,"column":10}},"46":{"start":{"line":193,"column":13},"end":{"line":200,"column":7}},"47":{"start":{"line":194,"column":8},"end":{"line":199,"column":10}},"48":{"start":{"line":202,"column":29},"end":{"line":202,"column":72}},"49":{"start":{"line":204,"column":6},"end":{"line":226,"column":7}},"50":{"start":{"line":205,"column":8},"end":{"line":210,"column":10}},"51":{"start":{"line":212,"column":31},"end":{"line":212,"column":70}},"52":{"start":{"line":213,"column":28},"end":{"line":218,"column":10}},"53":{"start":{"line":220,"column":8},"end":{"line":225,"column":10}},"54":{"start":{"line":228,"column":6},"end":{"line":233,"column":8}},"55":{"start":{"line":238,"column":0},"end":{"line":238,"column":29}}},"fnMap":{"0":{"name":"(anonymous_0)","decl":{"start":{"line":8,"column":2},"end":{"line":8,"column":3}},"loc":{"start":{"line":8,"column":51},"end":{"line":77,"column":3}},"line":8},"1":{"name":"(anonymous_1)","decl":{"start":{"line":79,"column":2},"end":{"line":79,"column":3}},"loc":{"start":{"line":79,"column":42},"end":{"line":164,"column":3}},"line":79},"2":{"name":"(anonymous_2)","decl":{"start":{"line":166,"column":2},"end":{"line":166,"column":3}},"loc":{"start":{"line":166,"column":56},"end":{"line":235,"column":3}},"line":166}},"branchMap":{"0":{"loc":{"start":{"line":10,"column":6},"end":{"line":17,"column":7}},"type":"if","locations":[{"start":{"line":10,"column":6},"end":{"line":17,"column":7}},{"start":{},"end":{}}],"line":10},"1":{"loc":{"start":{"line":19,"column":6},"end":{"line":26,"column":7}},"type":"if","locations":[{"start":{"line":19,"column":6},"end":{"line":26,"column":7}},{"start":{},"end":{}}],"line":19},"2":{"loc":{"start":{"line":28,"column":6},"end":{"line":42,"column":7}},"type":"if","locations":[{"start":{"line":28,"column":6},"end":{"line":42,"column":7}},{"start":{"line":35,"column":13},"end":{"line":42,"column":7}}],"line":28},"3":{"loc":{"start":{"line":35,"column":13},"end":{"line":42,"column":7}},"type":"if","locations":[{"start":{"line":35,"column":13},"end":{"line":42,"column":7}},{"start":{},"end":{}}],"line":35},"4":{"loc":{"start":{"line":46,"column":6},"end":{"line":68,"column":7}},"type":"if","locations":[{"start":{"line":46,"column":6},"end":{"line":68,"column":7}},{"start":{"line":53,"column":13},"end":{"line":68,"column":7}}],"line":46},"5":{"loc":{"start":{"line":81,"column":6},"end":{"line":88,"column":7}},"type":"if","locations":[{"start":{"line":81,"column":6},"end":{"line":88,"column":7}},{"start":{},"end":{}}],"line":81},"6":{"loc":{"start":{"line":90,"column":6},"end":{"line":104,"column":7}},"type":"if","locations":[{"start":{"line":90,"column":6},"end":{"line":104,"column":7}},{"start":{"line":97,"column":13},"end":{"line":104,"column":7}}],"line":90},"7":{"loc":{"start":{"line":97,"column":13},"end":{"line":104,"column":7}},"type":"if","locations":[{"start":{"line":97,"column":13},"end":{"line":104,"column":7}},{"start":{},"end":{}}],"line":97},"8":{"loc":{"start":{"line":108,"column":6},"end":{"line":115,"column":7}},"type":"if","locations":[{"start":{"line":108,"column":6},"end":{"line":115,"column":7}},{"start":{},"end":{}}],"line":108},"9":{"loc":{"start":{"line":117,"column":6},"end":{"line":155,"column":7}},"type":"if","locations":[{"start":{"line":117,"column":6},"end":{"line":155,"column":7}},{"start":{"line":124,"column":13},"end":{"line":155,"column":7}}],"line":117},"10":{"loc":{"start":{"line":127,"column":8},"end":{"line":154,"column":9}},"type":"if","locations":[{"start":{"line":127,"column":8},"end":{"line":154,"column":9}},{"start":{"line":147,"column":15},"end":{"line":154,"column":9}}],"line":127},"11":{"loc":{"start":{"line":168,"column":6},"end":{"line":175,"column":7}},"type":"if","locations":[{"start":{"line":168,"column":6},"end":{"line":175,"column":7}},{"start":{},"end":{}}],"line":168},"12":{"loc":{"start":{"line":177,"column":6},"end":{"line":184,"column":7}},"type":"if","locations":[{"start":{"line":177,"column":6},"end":{"line":184,"column":7}},{"start":{},"end":{}}],"line":177},"13":{"loc":{"start":{"line":186,"column":6},"end":{"line":200,"column":7}},"type":"if","locations":[{"start":{"line":186,"column":6},"end":{"line":200,"column":7}},{"start":{"line":193,"column":13},"end":{"line":200,"column":7}}],"line":186},"14":{"loc":{"start":{"line":193,"column":13},"end":{"line":200,"column":7}},"type":"if","locations":[{"start":{"line":193,"column":13},"end":{"line":200,"column":7}},{"start":{},"end":{}}],"line":193},"15":{"loc":{"start":{"line":204,"column":6},"end":{"line":226,"column":7}},"type":"if","locations":[{"start":{"line":204,"column":6},"end":{"line":226,"column":7}},{"start":{"line":211,"column":13},"end":{"line":226,"column":7}}],"line":204}},"s":{"0":1,"1":1,"2":1,"3":1,"4":1,"5":1,"6":1,"7":1,"8":0,"9":0,"10":0,"11":0,"12":0,"13":0,"14":0,"15":0,"16":0,"17":0,"18":0,"19":0,"20":0,"21":1,"22":1,"23":0,"24":1,"25":0,"26":1,"27":0,"28":1,"29":1,"30":0,"31":1,"32":0,"33":1,"34":1,"35":1,"36":1,"37":0,"38":0,"39":0,"40":0,"41":0,"42":0,"43":0,"44":0,"45":0,"46":0,"47":0,"48":0,"49":0,"50":0,"51":0,"52":0,"53":0,"54":0,"55":1},"f":{"0":1,"1":1,"2":0},"b":{"0":[1,0],"1":[0,0],"2":[0,0],"3":[0,0],"4":[0,0],"5":[0,1],"6":[0,1],"7":[0,1],"8":[0,1],"9":[0,1],"10":[1,0],"11":[0,0],"12":[0,0],"13":[0,0],"14":[0,0],"15":[0,0]},"_coverageSchema":"1a1c01bbd47fc00a2c39e90264f33305004495a9","hash":"ad34c2b565b65369c85980bb9ed1f6e3bc2f8540"}
,"D:\\SYNRGY Academy\\challenge-08\\services\\carService.js": {"path":"D:\\SYNRGY Academy\\challenge-08\\services\\carService.js","statementMap":{"0":{"start":{"line":1,"column":22},"end":{"line":1,"column":62}},"1":{"start":{"line":5,"column":4},"end":{"line":20,"column":5}},"2":{"start":{"line":6,"column":21},"end":{"line":6,"column":49}},"3":{"start":{"line":7,"column":6},"end":{"line":12,"column":8}},"4":{"start":{"line":14,"column":6},"end":{"line":19,"column":8}},"5":{"start":{"line":24,"column":4},"end":{"line":121,"column":5}},"6":{"start":{"line":25,"column":6},"end":{"line":32,"column":7}},"7":{"start":{"line":26,"column":8},"end":{"line":31,"column":10}},"8":{"start":{"line":34,"column":6},"end":{"line":41,"column":7}},"9":{"start":{"line":35,"column":8},"end":{"line":40,"column":10}},"10":{"start":{"line":43,"column":6},"end":{"line":50,"column":7}},"11":{"start":{"line":44,"column":8},"end":{"line":49,"column":10}},"12":{"start":{"line":52,"column":6},"end":{"line":59,"column":7}},"13":{"start":{"line":53,"column":8},"end":{"line":58,"column":10}},"14":{"start":{"line":61,"column":6},"end":{"line":68,"column":7}},"15":{"start":{"line":62,"column":8},"end":{"line":67,"column":10}},"16":{"start":{"line":70,"column":6},"end":{"line":77,"column":7}},"17":{"start":{"line":71,"column":8},"end":{"line":76,"column":10}},"18":{"start":{"line":79,"column":6},"end":{"line":86,"column":7}},"19":{"start":{"line":80,"column":8},"end":{"line":85,"column":10}},"20":{"start":{"line":88,"column":6},"end":{"line":95,"column":7}},"21":{"start":{"line":89,"column":8},"end":{"line":94,"column":10}},"22":{"start":{"line":97,"column":6},"end":{"line":104,"column":7}},"23":{"start":{"line":98,"column":8},"end":{"line":103,"column":10}},"24":{"start":{"line":106,"column":25},"end":{"line":106,"column":155}},"25":{"start":{"line":108,"column":6},"end":{"line":113,"column":8}},"26":{"start":{"line":115,"column":6},"end":{"line":120,"column":8}},"27":{"start":{"line":125,"column":4},"end":{"line":140,"column":5}},"28":{"start":{"line":126,"column":27},"end":{"line":126,"column":77}},"29":{"start":{"line":127,"column":6},"end":{"line":132,"column":8}},"30":{"start":{"line":134,"column":6},"end":{"line":139,"column":8}},"31":{"start":{"line":144,"column":4},"end":{"line":159,"column":5}},"32":{"start":{"line":145,"column":25},"end":{"line":145,"column":74}},"33":{"start":{"line":146,"column":6},"end":{"line":151,"column":8}},"34":{"start":{"line":153,"column":6},"end":{"line":158,"column":8}},"35":{"start":{"line":163,"column":4},"end":{"line":178,"column":5}},"36":{"start":{"line":164,"column":21},"end":{"line":164,"column":67}},"37":{"start":{"line":165,"column":6},"end":{"line":170,"column":8}},"38":{"start":{"line":172,"column":6},"end":{"line":177,"column":8}},"39":{"start":{"line":182,"column":4},"end":{"line":197,"column":5}},"40":{"start":{"line":183,"column":25},"end":{"line":183,"column":154}},"41":{"start":{"line":184,"column":6},"end":{"line":189,"column":8}},"42":{"start":{"line":191,"column":6},"end":{"line":196,"column":8}},"43":{"start":{"line":201,"column":0},"end":{"line":201,"column":28}}},"fnMap":{"0":{"name":"(anonymous_0)","decl":{"start":{"line":4,"column":2},"end":{"line":4,"column":3}},"loc":{"start":{"line":4,"column":24},"end":{"line":21,"column":3}},"line":4},"1":{"name":"(anonymous_1)","decl":{"start":{"line":23,"column":2},"end":{"line":23,"column":3}},"loc":{"start":{"line":23,"column":126},"end":{"line":122,"column":3}},"line":23},"2":{"name":"(anonymous_2)","decl":{"start":{"line":124,"column":2},"end":{"line":124,"column":3}},"loc":{"start":{"line":124,"column":46},"end":{"line":141,"column":3}},"line":124},"3":{"name":"(anonymous_3)","decl":{"start":{"line":143,"column":2},"end":{"line":143,"column":3}},"loc":{"start":{"line":143,"column":45},"end":{"line":160,"column":3}},"line":143},"4":{"name":"(anonymous_4)","decl":{"start":{"line":162,"column":2},"end":{"line":162,"column":3}},"loc":{"start":{"line":162,"column":42},"end":{"line":179,"column":3}},"line":162},"5":{"name":"(anonymous_5)","decl":{"start":{"line":181,"column":2},"end":{"line":181,"column":3}},"loc":{"start":{"line":181,"column":125},"end":{"line":198,"column":3}},"line":181}},"branchMap":{"0":{"loc":{"start":{"line":25,"column":6},"end":{"line":32,"column":7}},"type":"if","locations":[{"start":{"line":25,"column":6},"end":{"line":32,"column":7}},{"start":{},"end":{}}],"line":25},"1":{"loc":{"start":{"line":34,"column":6},"end":{"line":41,"column":7}},"type":"if","locations":[{"start":{"line":34,"column":6},"end":{"line":41,"column":7}},{"start":{},"end":{}}],"line":34},"2":{"loc":{"start":{"line":43,"column":6},"end":{"line":50,"column":7}},"type":"if","locations":[{"start":{"line":43,"column":6},"end":{"line":50,"column":7}},{"start":{},"end":{}}],"line":43},"3":{"loc":{"start":{"line":52,"column":6},"end":{"line":59,"column":7}},"type":"if","locations":[{"start":{"line":52,"column":6},"end":{"line":59,"column":7}},{"start":{},"end":{}}],"line":52},"4":{"loc":{"start":{"line":61,"column":6},"end":{"line":68,"column":7}},"type":"if","locations":[{"start":{"line":61,"column":6},"end":{"line":68,"column":7}},{"start":{},"end":{}}],"line":61},"5":{"loc":{"start":{"line":70,"column":6},"end":{"line":77,"column":7}},"type":"if","locations":[{"start":{"line":70,"column":6},"end":{"line":77,"column":7}},{"start":{},"end":{}}],"line":70},"6":{"loc":{"start":{"line":79,"column":6},"end":{"line":86,"column":7}},"type":"if","locations":[{"start":{"line":79,"column":6},"end":{"line":86,"column":7}},{"start":{},"end":{}}],"line":79},"7":{"loc":{"start":{"line":88,"column":6},"end":{"line":95,"column":7}},"type":"if","locations":[{"start":{"line":88,"column":6},"end":{"line":95,"column":7}},{"start":{},"end":{}}],"line":88},"8":{"loc":{"start":{"line":97,"column":6},"end":{"line":104,"column":7}},"type":"if","locations":[{"start":{"line":97,"column":6},"end":{"line":104,"column":7}},{"start":{},"end":{}}],"line":97}},"s":{"0":1,"1":0,"2":0,"3":0,"4":0,"5":0,"6":0,"7":0,"8":0,"9":0,"10":0,"11":0,"12":0,"13":0,"14":0,"15":0,"16":0,"17":0,"18":0,"19":0,"20":0,"21":0,"22":0,"23":0,"24":0,"25":0,"26":0,"27":0,"28":0,"29":0,"30":0,"31":0,"32":0,"33":0,"34":0,"35":0,"36":0,"37":0,"38":0,"39":0,"40":0,"41":0,"42":0,"43":1},"f":{"0":0,"1":0,"2":0,"3":0,"4":0,"5":0},"b":{"0":[0,0],"1":[0,0],"2":[0,0],"3":[0,0],"4":[0,0],"5":[0,0],"6":[0,0],"7":[0,0],"8":[0,0]},"_coverageSchema":"1a1c01bbd47fc00a2c39e90264f33305004495a9","hash":"3c022dbeef5c980dc0795b005e1f4efddad53145"}
,"D:\\SYNRGY Academy\\challenge-08\\services\\userService.js": {"path":"D:\\SYNRGY Academy\\challenge-08\\services\\userService.js","statementMap":{"0":{"start":{"line":1,"column":23},"end":{"line":1,"column":64}},"1":{"start":{"line":5,"column":4},"end":{"line":20,"column":5}},"2":{"start":{"line":6,"column":22},"end":{"line":6,"column":51}},"3":{"start":{"line":7,"column":6},"end":{"line":12,"column":8}},"4":{"start":{"line":14,"column":6},"end":{"line":19,"column":8}},"5":{"start":{"line":24,"column":4},"end":{"line":39,"column":5}},"6":{"start":{"line":25,"column":25},"end":{"line":25,"column":64}},"7":{"start":{"line":26,"column":6},"end":{"line":31,"column":8}},"8":{"start":{"line":33,"column":6},"end":{"line":38,"column":8}},"9":{"start":{"line":43,"column":0},"end":{"line":43,"column":29}}},"fnMap":{"0":{"name":"(anonymous_0)","decl":{"start":{"line":4,"column":2},"end":{"line":4,"column":3}},"loc":{"start":{"line":4,"column":24},"end":{"line":21,"column":3}},"line":4},"1":{"name":"(anonymous_1)","decl":{"start":{"line":23,"column":2},"end":{"line":23,"column":3}},"loc":{"start":{"line":23,"column":34},"end":{"line":40,"column":3}},"line":23}},"branchMap":{},"s":{"0":1,"1":0,"2":0,"3":0,"4":0,"5":0,"6":0,"7":0,"8":0,"9":1},"f":{"0":0,"1":0},"b":{},"_coverageSchema":"1a1c01bbd47fc00a2c39e90264f33305004495a9","hash":"10707a182dd23b2f9eb90816398c9d35fae69838"}
,"D:\\SYNRGY Academy\\challenge-08\\utils\\swaggerOptions.js": {"path":"D:\\SYNRGY Academy\\challenge-08\\utils\\swaggerOptions.js","statementMap":{"0":{"start":{"line":1,"column":0},"end":{"line":15,"column":2}}},"fnMap":{},"branchMap":{},"s":{"0":1},"f":{},"b":{},"_coverageSchema":"1a1c01bbd47fc00a2c39e90264f33305004495a9","hash":"87d382e2c21fa38b4e549483b6d590f810408525"}
}
