TN:
SF:server.js
FN:47,(anonymous_0)
FNF:1
FNH:0
FNDA:0,(anonymous_0)
DA:1,1
DA:2,1
DA:3,1
DA:4,1
DA:5,1
DA:6,1
DA:8,1
DA:10,1
DA:11,1
DA:12,1
DA:15,1
DA:16,1
DA:19,1
DA:20,1
DA:21,1
DA:24,1
DA:27,1
DA:28,1
DA:29,1
DA:30,1
DA:33,1
DA:34,1
DA:37,1
DA:38,1
DA:39,1
DA:40,1
DA:41,1
DA:42,1
DA:45,1
DA:47,1
DA:48,0
DA:51,1
LF:32
LH:31
BRDA:47,0,0,1
BRDA:47,0,1,0
BRDA:48,1,0,0
BRDA:48,1,1,0
BRF:4
BRH:1
end_of_record
TN:
SF:config\cloudinary.js
FNF:0
FNH:0
DA:1,1
DA:2,1
DA:4,1
DA:11,1
LF:4
LH:4
BRF:0
BRH:0
end_of_record
TN:
SF:config\config.js
FNF:0
FNH:0
DA:1,3
DA:3,3
LF:2
LH:2
BRF:0
BRH:0
end_of_record
TN:
SF:controllers\authController.js
FN:3,(anonymous_0)
FN:19,(anonymous_1)
FN:35,(anonymous_2)
FN:45,(anonymous_3)
FNF:4
FNH:2
FNDA:1,(anonymous_0)
FNDA:0,(anonymous_1)
FNDA:0,(anonymous_2)
FNDA:1,(anonymous_3)
DA:1,1
DA:3,1
DA:4,1
DA:6,1
DA:12,1
DA:19,1
DA:20,0
DA:22,0
DA:28,0
DA:35,1
DA:36,0
DA:38,0
DA:45,1
DA:46,1
DA:48,1
DA:53,1
DA:60,1
LF:17
LH:12
BRF:0
BRH:0
end_of_record
TN:
SF:controllers\carController.js
FN:4,(anonymous_0)
FN:12,(anonymous_1)
FN:40,(anonymous_2)
FN:50,(anonymous_3)
FN:62,(anonymous_4)
FN:71,(anonymous_5)
FN:82,(anonymous_6)
FN:90,(anonymous_7)
FNF:8
FNH:0
FNDA:0,(anonymous_0)
FNDA:0,(anonymous_1)
FNDA:0,(anonymous_2)
FNDA:0,(anonymous_3)
FNDA:0,(anonymous_4)
FNDA:0,(anonymous_5)
FNDA:0,(anonymous_6)
FNDA:0,(anonymous_7)
DA:1,1
DA:2,1
DA:4,1
DA:5,0
DA:6,0
DA:7,0
DA:8,0
DA:10,0
DA:11,0
DA:12,0
DA:13,0
DA:14,0
DA:16,0
DA:18,0
DA:32,0
DA:40,1
DA:41,0
DA:42,0
DA:43,0
DA:50,1
DA:51,0
DA:52,0
DA:53,0
DA:55,0
DA:62,1
DA:63,0
DA:64,0
DA:71,1
DA:72,0
DA:73,0
DA:74,0
DA:75,0
DA:82,1
DA:83,0
DA:84,0
DA:85,0
DA:86,0
DA:87,0
DA:88,0
DA:90,0
DA:91,0
DA:92,0
DA:94,0
DA:96,0
DA:110,0
DA:118,1
LF:46
LH:9
BRDA:13,0,0,0
BRDA:13,0,1,0
BRDA:91,1,0,0
BRDA:91,1,1,0
BRF:4
BRH:0
end_of_record
TN:
SF:controllers\userController.js
FN:3,(anonymous_0)
FN:12,(anonymous_1)
FNF:2
FNH:0
FNDA:0,(anonymous_0)
FNDA:0,(anonymous_1)
DA:1,1
DA:3,1
DA:4,0
DA:5,0
DA:12,1
DA:13,0
DA:14,0
DA:15,0
DA:22,1
LF:9
LH:4
BRF:0
BRH:0
end_of_record
TN:
SF:helpers\fileUploadCloudinary.js
FNF:0
FNH:0
DA:1,1
DA:3,1
DA:5,1
LF:3
LH:3
BRF:0
BRH:0
end_of_record
TN:
SF:lib\const.js
FNF:0
FNH:0
DA:1,1
DA:6,1
LF:2
LH:2
BRF:0
BRH:0
end_of_record
TN:
SF:middlewares\auth.js
FN:5,(anonymous_0)
FN:37,(anonymous_1)
FN:48,(anonymous_2)
FNF:3
FNH:0
FNDA:0,(anonymous_0)
FNDA:0,(anonymous_1)
FNDA:0,(anonymous_2)
DA:1,1
DA:2,1
DA:3,1
DA:5,1
DA:6,0
DA:8,0
DA:10,0
DA:12,0
DA:18,0
DA:19,0
DA:21,0
DA:23,0
DA:25,0
DA:27,0
DA:29,0
DA:37,1
DA:38,0
DA:40,0
DA:41,0
DA:48,1
DA:49,0
DA:50,0
DA:51,0
DA:58,1
LF:24
LH:7
BRDA:10,0,0,0
BRDA:10,0,1,0
BRDA:10,1,0,0
BRDA:10,1,1,0
BRDA:40,2,0,0
BRDA:40,2,1,0
BRDA:40,3,0,0
BRDA:40,3,1,0
BRDA:50,4,0,0
BRDA:50,4,1,0
BRF:10
BRH:0
end_of_record
TN:
SF:models\car.js
FN:5,(anonymous_0)
FN:12,(anonymous_1)
FNF:2
FNH:2
FNDA:3,(anonymous_0)
FNDA:3,(anonymous_1)
DA:4,3
DA:5,3
DA:16,3
DA:35,3
LF:4
LH:4
BRF:0
BRH:0
end_of_record
TN:
SF:models\index.js
FN:20,(anonymous_0)
FN:23,(anonymous_1)
FN:28,(anonymous_2)
FNF:3
FNH:3
FNDA:9,(anonymous_0)
FNDA:6,(anonymous_1)
FNDA:6,(anonymous_2)
DA:3,3
DA:4,3
DA:5,3
DA:6,3
DA:7,3
DA:8,3
DA:9,3
DA:10,3
DA:13,3
DA:14,0
DA:16,3
DA:19,3
DA:21,9
DA:24,6
DA:25,6
DA:28,3
DA:29,6
DA:30,6
DA:34,3
DA:35,3
DA:37,3
LF:21
LH:20
BRDA:8,0,0,3
BRDA:8,0,1,0
BRDA:13,1,0,0
BRDA:13,1,1,3
BRDA:21,2,0,9
BRDA:21,2,1,9
BRDA:21,2,2,6
BRDA:29,3,0,6
BRDA:29,3,1,0
BRF:9
BRH:6
end_of_record
TN:
SF:models\user.js
FN:5,(anonymous_0)
FN:12,(anonymous_1)
FNF:2
FNH:2
FNDA:3,(anonymous_0)
FNDA:3,(anonymous_1)
DA:4,3
DA:5,3
DA:16,3
DA:25,3
LF:4
LH:4
BRF:0
BRH:0
end_of_record
TN:
SF:repositories\carRepository.js
FN:4,(anonymous_0)
FN:22,(anonymous_1)
FN:27,(anonymous_2)
FN:32,(anonymous_3)
FN:42,(anonymous_4)
FN:53,(anonymous_5)
FNF:6
FNH:3
FNDA:2,(anonymous_0)
FNDA:0,(anonymous_1)
FNDA:0,(anonymous_2)
FNDA:1,(anonymous_3)
FNDA:1,(anonymous_4)
FNDA:0,(anonymous_5)
DA:1,2
DA:5,2
DA:19,2
DA:23,0
DA:24,0
DA:28,0
DA:29,0
DA:33,1
DA:39,1
DA:43,1
DA:50,1
DA:54,0
DA:69,0
DA:73,2
LF:14
LH:8
BRF:0
BRH:0
end_of_record
TN:
SF:repositories\userRepository.js
FN:4,(anonymous_0)
FN:9,(anonymous_1)
FN:14,(anonymous_2)
FN:24,(anonymous_3)
FN:29,(anonymous_4)
FNF:5
FNH:4
FNDA:1,(anonymous_0)
FNDA:2,(anonymous_1)
FNDA:4,(anonymous_2)
FNDA:0,(anonymous_3)
FNDA:4,(anonymous_4)
DA:1,2
DA:5,1
DA:6,1
DA:10,2
DA:11,2
DA:15,4
DA:21,4
DA:25,0
DA:26,0
DA:30,4
DA:31,4
DA:35,2
LF:12
LH:10
BRF:0
BRH:0
end_of_record
TN:
SF:services\authService.js
FN:8,(anonymous_0)
FN:79,(anonymous_1)
FN:166,(anonymous_2)
FNF:3
FNH:2
FNDA:1,(anonymous_0)
FNDA:1,(anonymous_1)
FNDA:0,(anonymous_2)
DA:1,1
DA:2,1
DA:3,1
DA:4,1
DA:5,1
DA:9,1
DA:10,1
DA:11,1
DA:19,0
DA:20,0
DA:28,0
DA:29,0
DA:35,0
DA:36,0
DA:44,0
DA:46,0
DA:47,0
DA:54,0
DA:55,0
DA:62,0
DA:70,0
DA:80,1
DA:81,1
DA:82,0
DA:90,1
DA:91,0
DA:97,1
DA:98,0
DA:106,1
DA:108,1
DA:109,0
DA:117,1
DA:118,0
DA:125,1
DA:127,1
DA:128,1
DA:139,1
DA:148,0
DA:157,0
DA:167,0
DA:168,0
DA:169,0
DA:177,0
DA:178,0
DA:186,0
DA:187,0
DA:193,0
DA:194,0
DA:202,0
DA:204,0
DA:205,0
DA:212,0
DA:213,0
DA:220,0
DA:228,0
DA:238,1
LF:56
LH:20
BRDA:10,0,0,1
BRDA:10,0,1,0
BRDA:19,1,0,0
BRDA:19,1,1,0
BRDA:28,2,0,0
BRDA:28,2,1,0
BRDA:35,3,0,0
BRDA:35,3,1,0
BRDA:46,4,0,0
BRDA:46,4,1,0
BRDA:81,5,0,0
BRDA:81,5,1,1
BRDA:90,6,0,0
BRDA:90,6,1,1
BRDA:97,7,0,0
BRDA:97,7,1,1
BRDA:108,8,0,0
BRDA:108,8,1,1
BRDA:117,9,0,0
BRDA:117,9,1,1
BRDA:127,10,0,1
BRDA:127,10,1,0
BRDA:168,11,0,0
BRDA:168,11,1,0
BRDA:177,12,0,0
BRDA:177,12,1,0
BRDA:186,13,0,0
BRDA:186,13,1,0
BRDA:193,14,0,0
BRDA:193,14,1,0
BRDA:204,15,0,0
BRDA:204,15,1,0
BRF:32
BRH:7
end_of_record
TN:
SF:services\carService.js
FN:4,(anonymous_0)
FN:23,(anonymous_1)
FN:124,(anonymous_2)
FN:143,(anonymous_3)
FN:162,(anonymous_4)
FN:181,(anonymous_5)
FNF:6
FNH:0
FNDA:0,(anonymous_0)
FNDA:0,(anonymous_1)
FNDA:0,(anonymous_2)
FNDA:0,(anonymous_3)
FNDA:0,(anonymous_4)
FNDA:0,(anonymous_5)
DA:1,1
DA:5,0
DA:6,0
DA:7,0
DA:14,0
DA:24,0
DA:25,0
DA:26,0
DA:34,0
DA:35,0
DA:43,0
DA:44,0
DA:52,0
DA:53,0
DA:61,0
DA:62,0
DA:70,0
DA:71,0
DA:79,0
DA:80,0
DA:88,0
DA:89,0
DA:97,0
DA:98,0
DA:106,0
DA:108,0
DA:115,0
DA:125,0
DA:126,0
DA:127,0
DA:134,0
DA:144,0
DA:145,0
DA:146,0
DA:153,0
DA:163,0
DA:164,0
DA:165,0
DA:172,0
DA:182,0
DA:183,0
DA:184,0
DA:191,0
DA:201,1
LF:44
LH:2
BRDA:25,0,0,0
BRDA:25,0,1,0
BRDA:34,1,0,0
BRDA:34,1,1,0
BRDA:43,2,0,0
BRDA:43,2,1,0
BRDA:52,3,0,0
BRDA:52,3,1,0
BRDA:61,4,0,0
BRDA:61,4,1,0
BRDA:70,5,0,0
BRDA:70,5,1,0
BRDA:79,6,0,0
BRDA:79,6,1,0
BRDA:88,7,0,0
BRDA:88,7,1,0
BRDA:97,8,0,0
BRDA:97,8,1,0
BRF:18
BRH:0
end_of_record
TN:
SF:services\userService.js
FN:4,(anonymous_0)
FN:23,(anonymous_1)
FNF:2
FNH:0
FNDA:0,(anonymous_0)
FNDA:0,(anonymous_1)
DA:1,1
DA:5,0
DA:6,0
DA:7,0
DA:14,0
DA:24,0
DA:25,0
DA:26,0
DA:33,0
DA:43,1
LF:10
LH:2
BRF:0
BRH:0
end_of_record
TN:
SF:utils\swaggerOptions.js
FNF:0
FNH:0
DA:1,1
LF:1
LH:1
BRF:0
BRH:0
end_of_record
